<?xml version="1.0" encoding="UTF-8"?>
<testng-results ignored="0" total="1" passed="1" failed="0" skipped="0">
  <reporter-output>
  </reporter-output>
  <suite started-at="2022-06-07T18:52:50 IST" name="Default suite" finished-at="2022-06-07T18:52:59 IST" duration-ms="9452">
    <groups>
      <group name="cucumber">
        <method signature="AbstractTestNGCucumberTests.runScenario(io.cucumber.testng.PickleWrapper,io.cucumber.testng.FeatureWrapper)[pri:0, instance:testcasesPOM.VerifyPages@33bc72d1]" name="runScenario" class="io.cucumber.testng.AbstractTestNGCucumberTests"/>
      </group> <!-- cucumber -->
    </groups>
    <test started-at="2022-06-07T18:52:50 IST" name="Default test" finished-at="2022-06-07T18:52:59 IST" duration-ms="9452">
      <class name="testcasesPOM.VerifyPages">
        <test-method is-config="true" signature="startReport()[pri:0, instance:testcasesPOM.VerifyPages@33bc72d1]" started-at="2022-06-07T18:52:49 IST" name="startReport" finished-at="2022-06-07T18:52:50 IST" duration-ms="537" status="PASS">
          <reporter-output>
          </reporter-output>
        </test-method> <!-- startReport -->
        <test-method is-config="true" signature="set()[pri:0, instance:testcasesPOM.VerifyPages@33bc72d1]" started-at="2022-06-07T18:52:50 IST" name="set" finished-at="2022-06-07T18:52:50 IST" duration-ms="1" status="PASS">
          <reporter-output>
          </reporter-output>
        </test-method> <!-- set -->
        <test-method is-config="true" signature="setUpClass(org.testng.ITestContext)[pri:0, instance:testcasesPOM.VerifyPages@33bc72d1]" started-at="2022-06-07T18:52:50 IST" name="setUpClass" finished-at="2022-06-07T18:52:50 IST" duration-ms="314" status="PASS">
          <params>
            <param index="0">
              <value>
                <![CDATA[org.testng.TestRunner@736b21ee]]>
              </value>
            </param>
          </params>
          <reporter-output>
          </reporter-output>
        </test-method> <!-- setUpClass -->
        <test-method is-config="true" signature="report()[pri:0, instance:testcasesPOM.VerifyPages@33bc72d1]" started-at="2022-06-07T18:52:50 IST" name="report" finished-at="2022-06-07T18:52:50 IST" duration-ms="4" status="PASS">
          <reporter-output>
          </reporter-output>
        </test-method> <!-- report -->
        <test-method is-config="true" signature="Bassclass()[pri:0, instance:testcasesPOM.VerifyPages@33bc72d1]" started-at="2022-06-07T18:52:52 IST" name="Bassclass" finished-at="2022-06-07T18:52:57 IST" duration-ms="5299" status="PASS">
          <reporter-output>
          </reporter-output>
        </test-method> <!-- Bassclass -->
        <test-method signature="testingpages(java.lang.String,java.lang.String,java.lang.String)[pri:0, instance:testcasesPOM.VerifyPages@33bc72d1]" started-at="2022-06-07T18:52:57 IST" name="testingpages" data-provider="fetchData" finished-at="2022-06-07T18:52:59 IST" duration-ms="2537" status="PASS">
          <params>
            <param index="0">
              <value>
                <![CDATA[CSBANK]]>
              </value>
            </param>
            <param index="1">
              <value>
                <![CDATA[CSBANKOP]]>
              </value>
            </param>
            <param index="2">
              <value>
                <![CDATA[1Q1Q1Q1Q]]>
              </value>
            </param>
          </params>
          <reporter-output>
          </reporter-output>
        </test-method> <!-- testingpages -->
        <test-method is-config="true" signature="tearDownClass()[pri:0, instance:testcasesPOM.VerifyPages@33bc72d1]" started-at="2022-06-07T18:52:59 IST" name="tearDownClass" finished-at="2022-06-07T18:52:59 IST" duration-ms="22" status="PASS">
          <reporter-output>
          </reporter-output>
        </test-method> <!-- tearDownClass -->
        <test-method is-config="true" signature="stopReport()[pri:0, instance:testcasesPOM.VerifyPages@33bc72d1]" started-at="2022-06-07T18:52:59 IST" name="stopReport" finished-at="2022-06-07T18:53:00 IST" duration-ms="371" status="PASS">
          <reporter-output>
          </reporter-output>
        </test-method> <!-- stopReport -->
      </class> <!-- testcasesPOM.VerifyPages -->
    </test> <!-- Default test -->
  </suite> <!-- Default suite -->
</testng-results>
